<?xml version="1.0" encoding="UTF-8" ?>
<testsuite tests="1" failures="0" name="tests.Ex3" time="71.17" errors="1" skipped="0">
  <properties>
[...]
</properties>
  <testcase classname="tests.Ex3" name="testCancelSearch" time="71.17">
    <error message="Session does not exist
Build info: version: &apos;3.12.0&apos;, revision: &apos;7c6e0b3&apos;, time: &apos;2018-05-08T14:04:26.12Z&apos;
System info: host: &apos;iMac-Aleksandr.local&apos;, ip: &apos;fe80:0:0:0:146f:92b1:d9d9:81df%en0&apos;, os.name: &apos;Mac OS X&apos;, os.arch: &apos;x86_64&apos;, os.version: &apos;10.15.3&apos;, java.version: &apos;1.8.0_241&apos;
Driver info: io.appium.java_client.ios.IOSDriver
Capabilities {app: /Users/uspeh/Desktop/JavaAp..., browserName: , databaseEnabled: false, deviceName: iPhone SE, javascriptEnabled: true, locationContextEnabled: false, networkConnectionEnabled: false, platform: MAC, platformName: MAC, platformVersion: 11.3, takesScreenshot: true, udid: 666223D3-98F9-41AA-9028-95B..., webStorageEnabled: false}
Session ID: 1c2446ae-30ec-4b9a-9b03-17822bfdec60" type="org.openqa.selenium.NoSuchSessionException">org.openqa.selenium.NoSuchSessionException: Session does not exist
Build info: version: &apos;3.12.0&apos;, revision: &apos;7c6e0b3&apos;, time: &apos;2018-05-08T14:04:26.12Z&apos;
System info: host: &apos;iMac-Aleksandr.local&apos;, ip: &apos;fe80:0:0:0:146f:92b1:d9d9:81df%en0&apos;, os.name: &apos;Mac OS X&apos;, os.arch: &apos;x86_64&apos;, os.version: &apos;10.15.3&apos;, java.version: &apos;1.8.0_241&apos;
Driver info: io.appium.java_client.ios.IOSDriver
Capabilities {app: /Users/uspeh/Desktop/JavaAp..., browserName: , databaseEnabled: false, deviceName: iPhone SE, javascriptEnabled: true, locationContextEnabled: false, networkConnectionEnabled: false, platform: MAC, platformName: MAC, platformVersion: 11.3, takesScreenshot: true, udid: 666223D3-98F9-41AA-9028-95B..., webStorageEnabled: false}
Session ID: 1c2446ae-30ec-4b9a-9b03-17822bfdec60
	at sun.reflect.NativeConstructorAccessorImpl.newInstance0(Native Method)
	at sun.reflect.NativeConstructorAccessorImpl.newInstance(NativeConstructorAccessorImpl.java:62)
	at sun.reflect.DelegatingConstructorAccessorImpl.newInstance(DelegatingConstructorAccessorImpl.java:45)
	at java.lang.reflect.Constructor.newInstance(Constructor.java:423)
	at org.openqa.selenium.remote.http.W3CHttpResponseCodec.createException(W3CHttpResponseCodec.java:187)
	at org.openqa.selenium.remote.http.W3CHttpResponseCodec.decode(W3CHttpResponseCodec.java:122)
	at org.openqa.selenium.remote.http.W3CHttpResponseCodec.decode(W3CHttpResponseCodec.java:49)
	at org.openqa.selenium.remote.HttpCommandExecutor.execute(HttpCommandExecutor.java:158)
	at io.appium.java_client.remote.AppiumCommandExecutor.execute(AppiumCommandExecutor.java:218)
	at org.openqa.selenium.remote.RemoteWebDriver.execute(RemoteWebDriver.java:543)
	at io.appium.java_client.DefaultGenericMobileDriver.execute(DefaultGenericMobileDriver.java:46)
	at io.appium.java_client.AppiumDriver.execute(AppiumDriver.java:1)
	at io.appium.java_client.ios.IOSDriver.execute(IOSDriver.java:1)
	at io.appium.java_client.HasSessionDetails.getSessionDetails(HasSessionDetails.java:39)
	at io.appium.java_client.HasSessionDetails.getSessionDetail(HasSessionDetails.java:56)
	at io.appium.java_client.HasSessionDetails.getPlatformName(HasSessionDetails.java:65)
	at io.appium.java_client.internal.JsonToMobileElementConverter.&lt;init&gt;(JsonToMobileElementConverter.java:49)
	at io.appium.java_client.AppiumDriver.&lt;init&gt;(AppiumDriver.java:89)
	at io.appium.java_client.AppiumDriver.&lt;init&gt;(AppiumDriver.java:94)
	at io.appium.java_client.ios.IOSDriver.&lt;init&gt;(IOSDriver.java:90)
	at lib.Platform.getDriver(Platform.java:34)
	at lib.CoreTestCase.setUp(CoreTestCase.java:18)
	at junit.framework.TestCase.runBare(TestCase.java:139)
	at junit.framework.TestResult$1.protect(TestResult.java:122)
	at junit.framework.TestResult.runProtected(TestResult.java:142)
	at junit.framework.TestResult.run(TestResult.java:125)
	at junit.framework.TestCase.run(TestCase.java:129)
	at junit.framework.TestSuite.runTest(TestSuite.java:252)
	at junit.framework.TestSuite.run(TestSuite.java:247)
	at org.junit.internal.runners.JUnit38ClassRunner.run(JUnit38ClassRunner.java:86)
	at org.apache.maven.surefire.junit4.JUnit4Provider.execute(JUnit4Provider.java:242)
	at org.apache.maven.surefire.junit4.JUnit4Provider.executeTestSet(JUnit4Provider.java:137)
	at org.apache.maven.surefire.junit4.JUnit4Provider.invoke(JUnit4Provider.java:112)
	at sun.reflect.NativeMethodAccessorImpl.invoke0(Native Method)
	at sun.reflect.NativeMethodAccessorImpl.invoke(NativeMethodAccessorImpl.java:62)
	at sun.reflect.DelegatingMethodAccessorImpl.invoke(DelegatingMethodAccessorImpl.java:43)
	at java.lang.reflect.Method.invoke(Method.java:498)
	at org.apache.maven.surefire.util.ReflectionUtils.invokeMethodWithArray(ReflectionUtils.java:189)
	at org.apache.maven.surefire.booter.ProviderFactory$ProviderProxy.invoke(ProviderFactory.java:165)
	at org.apache.maven.surefire.booter.ProviderFactory.invokeProvider(ProviderFactory.java:85)
	at org.apache.maven.surefire.booter.ForkedBooter.runSuitesInProcess(ForkedBooter.java:115)
	at org.apache.maven.surefire.booter.ForkedBooter.main(ForkedBooter.java:75)
</error>
    <system-err>фев 18, 2020 7:45:49 PM io.appium.java_client.remote.AppiumCommandExecutor$1 lambda$0
INFO: Detected dialect: W3C
</system-err>
  </testcase>
</testsuite>